
Routing til side: admin_movie
Routing til side: admin_movie
Routing til side: admin_movie
Routing til side: admin_movie
Routing til side: admin_movie
Routing til side: admin_movie
Routing til side: admin_movie
Routing til side: admin_movie
Routing til side: admin_movie
Routing til side: admin_movie
Routing til side: admin_movie
Routing til side: admin_movie
Routing til side: admin_movie
Routing til side: admin_movie
Routing til side: admin_movie
Routing til side: admin_movie
Routing til side: admin_movie
Routing til side: admin_movie
Routing til side: admin_movie
Routing til side: admin_ManageUsers
Routing til side: admin_ManageUsers
Routing til side: admin_ManageUsers.php
Routing til side: admin_ManageUsers
Routing til side: admin_movie
Routing til side: admin_movie
Routing til side: admin_movie
Routing til side: admin_movie
Routing til side: admin_movie
Routing til side: admin_movie
Routing til side: admin_movie
Routing til side: admin_movie
Routing til side: admin_movie
Routing til side: admin_movie
Routing til side: admin_movie
Routing til side: admin_movie
Routing til side: admin_movie
Routing til side: admin_movie
Routing til side: admin_movie
Routing til side: admin_movie
Routing til side: admin_movie
Routing til side: admin_movie
Routing til side: admin_movie
Routing til side: admin_movie
Routing til side: admin_movie
Routing til side: admin_movie
Routing til side: admin_movie
Routing til side: admin_movie
Routing til side: home
Routing til side: admin_movie
Routing til side: admin_movie
Routing til side: admin_movie
Routing til side: admin_movie
Routing til side: admin_movie
Routing til side: admin_movie
Routing til side: admin_movie
Routing til side: admin_movie
Routing til side: admin_movie
Routing til side: admin_movie
Routing til side: admin_movie
Routing til side: admin_movie
Routing til side: admin_movie
Routing til side: admin_movie
Routing til side: admin_movie
Routing til side: admin_movie
Routing til side: admin_movie
Routing til side: admin_movie
Routing til side: admin_movie
Routing til side: admin_movie
Routing til side: admin_movie
Routing til side: admin_movie
Routing til side: admin_movie
Routing til side: admin_movie
Routing til side: admin_movie
Routing til side: home
Routing til side: homePage
Routing til side: homePage
Routing til side: admin_movie
Routing til side: admin_movie
Routing til side: admin_movie
Routing til side: admin_movie
Routing til side: admin_movie
Routing til side: admin_movie
Routing til side: admin_movie
Routing til side: admin_movie
Routing til side: admin_movie
Routing til side: admin_movie
Routing til side: admin_movie
Routing til side: admin_movie
Routing til side: admin_movie
Routing til side: admin_movie
Routing til side: admin_movie
Routing til side: admin_movie
Routing til side: admin_movie
Routing til side: admin_movie
Routing til side: admin_movie
Routing til side: admin_movie
Routing til side: admin_movie
Routing til side: admin_movie
Routing til side: admin_movie
Routing til side: homePage
Routing til side: homePage
Routing til side: admin_movie
Routing til side: admin_movie
Routing til side: admin_movie
Routing til side: admin_parking
Routing til side: admin_movie
Routing til side: admin_movie
Routing til side: admin_movie
Routing til side: admin_movie
Routing til side: admin_movie
Routing til side: admin_movie
Routing til side: admin_movie
Routing til side: admin_movie
Routing til side: admin_movie
Routing til side: admin_movie
Routing til side: admin_movie
Routing til side: admin_movie
Routing til side: admin_movie
Routing til side: admin_movie
Routing til side: admin_movie
Routing til side: admin_movie
Routing til side: admin_movie
Routing til side: admin_movie
Routing til side: admin_movie
Routing til side: admin_parking
Routing til side: admin_settings
Routing til side: admin_movie
